  [1m[35m (2.9ms)[0m  [1m[34mSELECT sqlite_version(*)[0m
  [1m[35m (0.1ms)[0m  [1m[34mSELECT "schema_migrations"."version" FROM "schema_migrations" ORDER BY "schema_migrations"."version" ASC[0m
  [1m[36mActiveRecord::InternalMetadata Load (0.1ms)[0m  [1m[34mSELECT "ar_internal_metadata".* FROM "ar_internal_metadata" WHERE "ar_internal_metadata"."key" = ? LIMIT ?[0m  [["key", "environment"], ["LIMIT", 1]]
  [1m[35m (0.0ms)[0m  [1m[34mSELECT sqlite_version(*)[0m
  [1m[35m (0.1ms)[0m  [1m[34mSELECT "schema_migrations"."version" FROM "schema_migrations" ORDER BY "schema_migrations"."version" ASC[0m
  [1m[35m (2.0ms)[0m  [1m[34mSELECT sqlite_version(*)[0m
  [1m[35m (0.1ms)[0m  [1m[34mSELECT "schema_migrations"."version" FROM "schema_migrations" ORDER BY "schema_migrations"."version" ASC[0m
  [1m[36mActiveRecord::InternalMetadata Load (0.1ms)[0m  [1m[34mSELECT "ar_internal_metadata".* FROM "ar_internal_metadata" WHERE "ar_internal_metadata"."key" = ? LIMIT ?[0m  [["key", "environment"], ["LIMIT", 1]]
  [1m[35m (0.0ms)[0m  [1m[34mSELECT sqlite_version(*)[0m
  [1m[35m (0.1ms)[0m  [1m[34mSELECT "schema_migrations"."version" FROM "schema_migrations" ORDER BY "schema_migrations"."version" ASC[0m
Started GET "/" for ::1 at 2020-06-28 10:51:00 +1000
  [1m[35m (2.1ms)[0m  [1m[34mSELECT sqlite_version(*)[0m
  [1m[35m (0.1ms)[0m  [1m[34mSELECT "schema_migrations"."version" FROM "schema_migrations" ORDER BY "schema_migrations"."version" ASC[0m
Processing by WelcomeController#index as HTML
  Rendering welcome/index.html.erb within layouts/application
  Rendered welcome/index.html.erb within layouts/application (Duration: 2.5ms | Allocations: 506)
[Webpacker] Compiling...
[Webpacker] Compiled all packs in D:/Projects/scoresheet-app-react/public/packs
[Webpacker] Hash: 7114aeb5337dbaea93ff
Version: webpack 4.43.0
Time: 10992ms
Built at: 06/28/2020 10:51:15 AM
                                          Asset      Size            Chunks                         Chunk Names
         js/application-782b2d6c905c4f010328.js  2.31 MiB       application  [emitted] [immutable]  application
     js/application-782b2d6c905c4f010328.js.map  2.67 MiB       application  [emitted] [dev]        application
         js/hello_react-c5e58dcf79fd1d779412.js  1.05 MiB       hello_react  [emitted] [immutable]  hello_react
     js/hello_react-c5e58dcf79fd1d779412.js.map  1.21 MiB       hello_react  [emitted] [dev]        hello_react
    js/server_rendering-e6f894f1b6912ede4a67.js  1.48 MiB  server_rendering  [emitted] [immutable]  server_rendering
js/server_rendering-e6f894f1b6912ede4a67.js.map  1.71 MiB  server_rendering  [emitted] [dev]        server_rendering
                                  manifest.json  1.05 KiB                    [emitted]              
Entrypoint application = js/application-782b2d6c905c4f010328.js js/application-782b2d6c905c4f010328.js.map
Entrypoint hello_react = js/hello_react-c5e58dcf79fd1d779412.js js/hello_react-c5e58dcf79fd1d779412.js.map
Entrypoint server_rendering = js/server_rendering-e6f894f1b6912ede4a67.js js/server_rendering-e6f894f1b6912ede4a67.js.map
[./app/javascript/channels sync recursive _channel\.js$] ./app/javascript/channels sync _channel\.js$ 160 bytes {application} [built]
[./app/javascript/channels/index.js] 211 bytes {application} [built]
[./app/javascript/components sync recursive ^\.\/.*$] ./app/javascript/components sync ^\.\/.*$ 160 bytes {application} {server_rendering} [built]
[./app/javascript/packs/application.js] 998 bytes {application} [built]
[./app/javascript/packs/hello_react.jsx] 1.07 KiB {hello_react} [built]
[./app/javascript/packs/server_rendering.js] 301 bytes {server_rendering} [built]
[./node_modules/webpack/buildin/module.js] (webpack)/buildin/module.js 552 bytes {application} {server_rendering} [built]
    + 55 hidden modules

Completed 200 OK in 15000ms (Views: 14990.8ms | ActiveRecord: 0.0ms | Allocations: 248444)


Started GET "/" for ::1 at 2020-06-28 10:52:49 +1000
Processing by WelcomeController#index as HTML
  Rendering welcome/index.html.erb within layouts/application
  Rendered welcome/index.html.erb within layouts/application (Duration: 0.5ms | Allocations: 249)
[Webpacker] Everything's up-to-date. Nothing to do
Completed 200 OK in 69ms (Views: 68.3ms | ActiveRecord: 0.0ms | Allocations: 22632)


Started GET "/" for ::1 at 2020-06-28 10:53:00 +1000
Processing by WelcomeController#index as HTML
  Rendering welcome/index.html.erb within layouts/application
  Rendered welcome/index.html.erb within layouts/application (Duration: 0.1ms | Allocations: 79)
[Webpacker] Everything's up-to-date. Nothing to do
Completed 200 OK in 63ms (Views: 62.6ms | ActiveRecord: 0.0ms | Allocations: 21340)


Started GET "/innings/new" for ::1 at 2020-06-28 10:53:02 +1000
Processing by InningsController#new as HTML
  Rendering innings/new.html.erb within layouts/application
  Rendered innings/_form.html.erb (Duration: 34.8ms | Allocations: 9749)
  Rendered innings/new.html.erb within layouts/application (Duration: 36.5ms | Allocations: 10108)
[Webpacker] Everything's up-to-date. Nothing to do
Completed 200 OK in 118ms (Views: 102.4ms | ActiveRecord: 0.8ms | Allocations: 43125)


Started GET "/innings" for ::1 at 2020-06-28 10:53:04 +1000
Processing by InningsController#index as HTML
  Rendering innings/index.html.erb within layouts/application
  [1m[36mInning Load (0.2ms)[0m  [1m[34mSELECT "innings".* FROM "innings"[0m
  ↳ app/views/innings/index.html.erb:25
  Rendered innings/index.html.erb within layouts/application (Duration: 3.1ms | Allocations: 1123)
[Webpacker] Everything's up-to-date. Nothing to do
Completed 200 OK in 54ms (Views: 52.9ms | ActiveRecord: 0.2ms | Allocations: 22576)


Started GET "/innings/new" for ::1 at 2020-06-28 10:53:08 +1000
Processing by InningsController#new as HTML
  Rendering innings/new.html.erb within layouts/application
  Rendered innings/_form.html.erb (Duration: 6.2ms | Allocations: 4680)
  Rendered innings/new.html.erb within layouts/application (Duration: 7.8ms | Allocations: 4774)
[Webpacker] Everything's up-to-date. Nothing to do
Completed 200 OK in 67ms (Views: 66.4ms | ActiveRecord: 0.0ms | Allocations: 26074)


Started GET "/innings/new" for ::1 at 2020-06-28 10:53:47 +1000
Processing by InningsController#new as HTML
  Rendering innings/new.html.erb within layouts/application
  Rendered innings/_form.html.erb (Duration: 4.3ms | Allocations: 5434)
  Rendered innings/new.html.erb within layouts/application (Duration: 5.9ms | Allocations: 5784)
[Webpacker] Everything's up-to-date. Nothing to do
Completed 200 OK in 65ms (Views: 64.2ms | ActiveRecord: 0.0ms | Allocations: 28188)


Started GET "/innings/new" for ::1 at 2020-06-28 10:54:50 +1000
Processing by InningsController#new as HTML
  Rendering innings/new.html.erb within layouts/application
  Rendered innings/_form.html.erb (Duration: 6.2ms | Allocations: 5434)
  Rendered innings/new.html.erb within layouts/application (Duration: 7.9ms | Allocations: 5783)
[Webpacker] Everything's up-to-date. Nothing to do
Completed 200 OK in 73ms (Views: 71.6ms | ActiveRecord: 0.0ms | Allocations: 28188)


Started GET "/innings/new" for ::1 at 2020-06-28 10:54:54 +1000
Processing by InningsController#new as HTML
  Rendering innings/new.html.erb within layouts/application
  Rendered innings/_form.html.erb (Duration: 4.5ms | Allocations: 4679)
  Rendered innings/new.html.erb within layouts/application (Duration: 5.2ms | Allocations: 4772)
[Webpacker] Everything's up-to-date. Nothing to do
Completed 200 OK in 62ms (Views: 61.4ms | ActiveRecord: 0.0ms | Allocations: 26067)


Started GET "/innings/new" for ::1 at 2020-06-28 10:55:18 +1000
Processing by InningsController#new as HTML
  Rendering innings/new.html.erb within layouts/application
  Rendered innings/_form.html.erb (Duration: 5.2ms | Allocations: 5434)
  Rendered innings/new.html.erb within layouts/application (Duration: 7.1ms | Allocations: 5783)
[Webpacker] Everything's up-to-date. Nothing to do
Completed 200 OK in 88ms (Views: 86.4ms | ActiveRecord: 0.0ms | Allocations: 28186)


Started GET "/" for ::1 at 2020-06-28 10:55:21 +1000
Processing by WelcomeController#index as HTML
  Rendering welcome/index.html.erb within layouts/application
  Rendered welcome/index.html.erb within layouts/application (Duration: 0.3ms | Allocations: 88)
[Webpacker] Everything's up-to-date. Nothing to do
Completed 200 OK in 54ms (Views: 52.5ms | ActiveRecord: 0.0ms | Allocations: 22036)


Started GET "/" for ::1 at 2020-06-28 10:55:23 +1000
Processing by WelcomeController#index as HTML
  Rendering welcome/index.html.erb within layouts/application
  Rendered welcome/index.html.erb within layouts/application (Duration: 0.0ms | Allocations: 4)
[Webpacker] Everything's up-to-date. Nothing to do
Completed 200 OK in 53ms (Views: 52.6ms | ActiveRecord: 0.0ms | Allocations: 21269)


DEPRECATION WARNING: Using `bin/rake routes` is deprecated and will be removed in Rails 6.1. Use `bin/rails routes` instead.
 (called from load at D:/Applications/Ruby26-x64/bin/rake:23)
Started GET "/" for ::1 at 2020-06-28 10:58:42 +1000
Processing by WelcomeController#index as HTML
  Rendering welcome/index.html.erb within layouts/application
  Rendered welcome/index.html.erb within layouts/application (Duration: 0.3ms | Allocations: 82)
[Webpacker] Everything's up-to-date. Nothing to do
Completed 200 OK in 56ms (Views: 54.9ms | ActiveRecord: 0.0ms | Allocations: 22523)


Started GET "/" for ::1 at 2020-06-28 11:00:34 +1000
Processing by WelcomeController#index as HTML
  Rendering welcome/index.html.erb within layouts/application
  Rendered welcome/index.html.erb within layouts/application (Duration: 0.3ms | Allocations: 82)
[Webpacker] Everything's up-to-date. Nothing to do
Completed 200 OK in 56ms (Views: 54.4ms | ActiveRecord: 0.0ms | Allocations: 22530)


Started GET "/welcome/index.html" for ::1 at 2020-06-28 11:00:43 +1000
Processing by WelcomeController#index as HTML
  Rendering welcome/index.html.erb within layouts/application
  Rendered welcome/index.html.erb within layouts/application (Duration: 0.0ms | Allocations: 4)
[Webpacker] Everything's up-to-date. Nothing to do
Completed 200 OK in 51ms (Views: 50.6ms | ActiveRecord: 0.0ms | Allocations: 21315)


Started GET "/welcome/index" for ::1 at 2020-06-28 11:00:45 +1000
Processing by WelcomeController#index as HTML
  Rendering welcome/index.html.erb within layouts/application
  Rendered welcome/index.html.erb within layouts/application (Duration: 0.0ms | Allocations: 4)
[Webpacker] Everything's up-to-date. Nothing to do
Completed 200 OK in 51ms (Views: 50.5ms | ActiveRecord: 0.0ms | Allocations: 21308)


